c:\sujit\dsmart\smc\smc project\project\stethoscope\ssoiptxlib\ssoiptxlib\debug\ssoiptxlib.pch
c:\sujit\dsmart\smc\smc project\project\stethoscope\ssoiptxlib\ssoiptxlib\debug\vc142.pdb
c:\sujit\dsmart\smc\smc project\project\stethoscope\ssoiptxlib\ssoiptxlib\debug\vc142.idb
c:\sujit\dsmart\smc\smc project\project\stethoscope\ssoiptxlib\ssoiptxlib\debug\stdafx.obj
c:\sujit\dsmart\smc\smc project\project\stethoscope\ssoiptxlib\ssoiptxlib\debug\ssoiptxlib.obj
c:\sujit\dsmart\smc\smc project\project\stethoscope\ssoiptxlib\ssoiptxlib\debug\ssoiptx.obj
c:\sujit\dsmart\smc\smc project\project\stethoscope\ssoiptxlib\ssoiptxlib\debug\logfileutils.obj
c:\sujit\dsmart\smc\smc project\project\stethoscope\ssoiptxlib\ssoiptxlib\debug\dllmain.obj
c:\sujit\dsmart\smc\smc project\project\stethoscope\ssoiptxlib\ssoiptxlib\debug\ssoiptxlib.ilk
c:\sujit\dsmart\smc\smc project\project\stethoscope\ssoiptxlib\ssoiptxlib\debug\ssoiptxlib.dll
c:\sujit\dsmart\smc\smc project\project\stethoscope\ssoiptxlib\ssoiptxlib\debug\ssoiptxlib.pdb
c:\sujit\dsmart\smc\smc project\project\stethoscope\ssoiptxlib\ssoiptxlib\debug\ssoiptxlib.lib
c:\sujit\dsmart\smc\smc project\project\stethoscope\ssoiptxlib\ssoiptxlib\debug\ssoiptxlib.exp
c:\sujit\dsmart\smc\smc project\project\stethoscope\ssoiptxlib\ssoiptxlib\debug\ssoiptxlib.tlog\cl.command.1.tlog
c:\sujit\dsmart\smc\smc project\project\stethoscope\ssoiptxlib\ssoiptxlib\debug\ssoiptxlib.tlog\cl.read.1.tlog
c:\sujit\dsmart\smc\smc project\project\stethoscope\ssoiptxlib\ssoiptxlib\debug\ssoiptxlib.tlog\cl.write.1.tlog
c:\sujit\dsmart\smc\smc project\project\stethoscope\ssoiptxlib\ssoiptxlib\debug\ssoiptxlib.tlog\link.command.1.tlog
c:\sujit\dsmart\smc\smc project\project\stethoscope\ssoiptxlib\ssoiptxlib\debug\ssoiptxlib.tlog\link.read.1.tlog
c:\sujit\dsmart\smc\smc project\project\stethoscope\ssoiptxlib\ssoiptxlib\debug\ssoiptxlib.tlog\link.write.1.tlog
c:\sujit\dsmart\smc\smc project\project\stethoscope\ssoiptxlib\ssoiptxlib\debug\ssoiptxlib.tlog\ssoiptxlib.write.1u.tlog
