c:\sujit\dsmart\smc\smc project\project\stethoscope\ssoiprxlib\ssoiprxlib\release\ssoiprxlib.pch
c:\sujit\dsmart\smc\smc project\project\stethoscope\ssoiprxlib\ssoiprxlib\release\vc142.pdb
c:\sujit\dsmart\smc\smc project\project\stethoscope\ssoiprxlib\ssoiprxlib\release\stdafx.obj
c:\sujit\dsmart\smc\smc project\project\stethoscope\ssoiprxlib\ssoiprxlib\release\ssoiprxlib.obj
c:\sujit\dsmart\smc\smc project\project\stethoscope\ssoiprxlib\ssoiprxlib\release\ssoiprx.obj
c:\sujit\dsmart\smc\smc project\project\stethoscope\ssoiprxlib\ssoiprxlib\release\logfileutils.obj
c:\sujit\dsmart\smc\smc project\project\stethoscope\ssoiprxlib\ssoiprxlib\release\dllmain.obj
c:\sujit\dsmart\smc\smc project\project\stethoscope\ssoiprxlib\ssoiprxlib\release\ssoiprxlib.dll
c:\sujit\dsmart\smc\smc project\project\stethoscope\ssoiprxlib\ssoiprxlib\release\ssoiprxlib.pdb
c:\sujit\dsmart\smc\smc project\project\stethoscope\ssoiprxlib\ssoiprxlib\release\ssoiprxlib.lib
c:\sujit\dsmart\smc\smc project\project\stethoscope\ssoiprxlib\ssoiprxlib\release\ssoiprxlib.exp
c:\sujit\dsmart\smc\smc project\project\stethoscope\ssoiprxlib\ssoiprxlib\release\ssoiprxlib.ipdb
c:\sujit\dsmart\smc\smc project\project\stethoscope\ssoiprxlib\ssoiprxlib\release\ssoiprxlib.iobj
c:\sujit\dsmart\smc\smc project\project\stethoscope\ssoiprxlib\ssoiprxlib\release\ssoiprxlib.tlog\cl.command.1.tlog
c:\sujit\dsmart\smc\smc project\project\stethoscope\ssoiprxlib\ssoiprxlib\release\ssoiprxlib.tlog\cl.read.1.tlog
c:\sujit\dsmart\smc\smc project\project\stethoscope\ssoiprxlib\ssoiprxlib\release\ssoiprxlib.tlog\cl.write.1.tlog
c:\sujit\dsmart\smc\smc project\project\stethoscope\ssoiprxlib\ssoiprxlib\release\ssoiprxlib.tlog\link.command.1.tlog
c:\sujit\dsmart\smc\smc project\project\stethoscope\ssoiprxlib\ssoiprxlib\release\ssoiprxlib.tlog\link.read.1.tlog
c:\sujit\dsmart\smc\smc project\project\stethoscope\ssoiprxlib\ssoiprxlib\release\ssoiprxlib.tlog\link.write.1.tlog
c:\sujit\dsmart\smc\smc project\project\stethoscope\ssoiprxlib\ssoiprxlib\release\ssoiprxlib.tlog\ssoiprxlib.write.1u.tlog
