c:\sujit\dsmart\smc\smc project\project\stethoscope\ssoiptxlib\ssoiptxlib\release\ssoiptxlib.pch
c:\sujit\dsmart\smc\smc project\project\stethoscope\ssoiptxlib\ssoiptxlib\release\vc142.pdb
c:\sujit\dsmart\smc\smc project\project\stethoscope\ssoiptxlib\ssoiptxlib\release\stdafx.obj
c:\sujit\dsmart\smc\smc project\project\stethoscope\ssoiptxlib\ssoiptxlib\release\ssoiptxlib.obj
c:\sujit\dsmart\smc\smc project\project\stethoscope\ssoiptxlib\ssoiptxlib\release\ssoiptx.obj
c:\sujit\dsmart\smc\smc project\project\stethoscope\ssoiptxlib\ssoiptxlib\release\logfileutils.obj
c:\sujit\dsmart\smc\smc project\project\stethoscope\ssoiptxlib\ssoiptxlib\release\dllmain.obj
c:\sujit\dsmart\smc\smc project\project\stethoscope\ssoiptxlib\ssoiptxlib\release\ssoiptxlib.dll
c:\sujit\dsmart\smc\smc project\project\stethoscope\ssoiptxlib\ssoiptxlib\release\ssoiptxlib.pdb
c:\sujit\dsmart\smc\smc project\project\stethoscope\ssoiptxlib\ssoiptxlib\release\ssoiptxlib.lib
c:\sujit\dsmart\smc\smc project\project\stethoscope\ssoiptxlib\ssoiptxlib\release\ssoiptxlib.exp
c:\sujit\dsmart\smc\smc project\project\stethoscope\ssoiptxlib\ssoiptxlib\release\ssoiptxlib.ipdb
c:\sujit\dsmart\smc\smc project\project\stethoscope\ssoiptxlib\ssoiptxlib\release\ssoiptxlib.iobj
c:\sujit\dsmart\smc\smc project\project\stethoscope\ssoiptxlib\ssoiptxlib\release\ssoiptxlib.tlog\cl.command.1.tlog
c:\sujit\dsmart\smc\smc project\project\stethoscope\ssoiptxlib\ssoiptxlib\release\ssoiptxlib.tlog\cl.read.1.tlog
c:\sujit\dsmart\smc\smc project\project\stethoscope\ssoiptxlib\ssoiptxlib\release\ssoiptxlib.tlog\cl.write.1.tlog
c:\sujit\dsmart\smc\smc project\project\stethoscope\ssoiptxlib\ssoiptxlib\release\ssoiptxlib.tlog\link.command.1.tlog
c:\sujit\dsmart\smc\smc project\project\stethoscope\ssoiptxlib\ssoiptxlib\release\ssoiptxlib.tlog\link.read.1.tlog
c:\sujit\dsmart\smc\smc project\project\stethoscope\ssoiptxlib\ssoiptxlib\release\ssoiptxlib.tlog\link.write.1.tlog
c:\sujit\dsmart\smc\smc project\project\stethoscope\ssoiptxlib\ssoiptxlib\release\ssoiptxlib.tlog\ssoiptxlib.write.1u.tlog
